DEBUG: Script directory             : /workspaces/2025-ikt218-osdev/src/Group_14/scripts
DEBUG: Input ISO Path Arg           : /workspaces/2025-ikt218-osdev/build/Group_14/kernel.iso
DEBUG: Calculated Absolute ISO Path  : /workspaces/2025-ikt218-osdev/build/Group_14/kernel.iso
DEBUG: Inferred Input Disk Path    : /workspaces/2025-ikt218-osdev/build/Group_14/disk.img
DEBUG: Calculated Absolute Disk Path: /workspaces/2025-ikt218-osdev/build/Group_14/disk.img
DEBUG: ISO file check passed using absolute path.
DEBUG: Disk file check passed using absolute path.
Starting QEMU with ISO (-cdrom=/workspaces/2025-ikt218-osdev/build/Group_14/kernel.iso) and Disk (-hdb=/workspaces/2025-ikt218-osdev/build/Group_14/disk.img), serial output to /workspaces/2025-ikt218-osdev/build/Group_14/qemu_output.log
WARNING: Image format was not specified for '/workspaces/2025-ikt218-osdev/build/Group_14/disk.img' and probing guessed raw.
         Automatically detecting the format is dangerous for raw images, write operations on block 0 will be restricted.
         Specify the 'raw' format explicitly to remove the restrictions.
ALSA lib confmisc.c:855:(parse_card) cannot find card '0'
ALSA lib conf.c:5178:(_snd_config_evaluate) function snd_func_card_inum returned error: No such file or directory
ALSA lib confmisc.c:422:(snd_func_concat) error evaluating strings
ALSA lib conf.c:5178:(_snd_config_evaluate) function snd_func_concat returned error: No such file or directory
ALSA lib confmisc.c:1334:(snd_func_refer) error evaluating name
ALSA lib conf.c:5178:(_snd_config_evaluate) function snd_func_refer returned error: No such file or directory
ALSA lib conf.c:5701:(snd_config_expand) Evaluate error: No such file or directory
ALSA lib pcm.c:2664:(snd_pcm_open_noupdate) Unknown PCM default
sdl: SDL_OpenAudioDevice for playback failed
sdl: Reason: ALSA: Couldn't open audio device: No such file or directory
ALSA lib confmisc.c:855:(parse_card) cannot find card '0'
ALSA lib conf.c:5178:(_snd_config_evaluate) function snd_func_card_inum returned error: No such file or directory
ALSA lib confmisc.c:422:(snd_func_concat) error evaluating strings
ALSA lib conf.c:5178:(_snd_config_evaluate) function snd_func_concat returned error: No such file or directory
ALSA lib confmisc.c:1334:(snd_func_refer) error evaluating name
ALSA lib conf.c:5178:(_snd_config_evaluate) function snd_func_refer returned error: No such file or directory
ALSA lib conf.c:5701:(snd_config_expand) Evaluate error: No such file or directory
ALSA lib pcm.c:2664:(snd_pcm_open_noupdate) Unknown PCM default
sdl: SDL_OpenAudioDevice for playback failed
sdl: Reason: ALSA: Couldn't open audio device: No such file or directory
audio: Failed to create voice `pcspk'
pcspk: Could not open voice
QEMU started with PID 20505
Waiting for gdb connection (listening on tcp::1234)...
